Unity Editor version:    6000.0.31f1 (a206c360e2a8)
Branch:                  6000.0/staging
Build type:              Release
Batch mode:              YES
macOS version:           Version 15.4.1 (Build 24E263)
Darwin version:          24.4.0
Architecture:            arm64
Running under Rosetta:   NO
Available memory:        18432 MB
Using pre-set license
Pro License: YES

COMMAND LINE ARGUMENTS:
/Applications/Unity/Hub/Editor/6000.0.31f1/Unity.app/Contents/MacOS/Unity
-adb2
-batchMode
-noUpm
-name
AssetImportWorker1
-projectPath
/Users/jeonghoyong/Documents/GitHub/capstone-2025-30/Avatar
-logFile
Logs/AssetImportWorker1.log
-srvPort
52173
-job-worker-count
5
-background-job-worker-count
8
-gc-helper-count
1
Successfully changed project path to: /Users/jeonghoyong/Documents/GitHub/capstone-2025-30/Avatar
/Users/jeonghoyong/Documents/GitHub/capstone-2025-30/Avatar
[UnityMemory] Configuration Parameters - Can be set up in boot.config
    "memorysetup-bucket-allocator-granularity=16"
    "memorysetup-bucket-allocator-bucket-count=8"
    "memorysetup-bucket-allocator-block-size=33554432"
    "memorysetup-bucket-allocator-block-count=8"
    "memorysetup-main-allocator-block-size=16777216"
    "memorysetup-thread-allocator-block-size=16777216"
    "memorysetup-gfx-main-allocator-block-size=16777216"
    "memorysetup-gfx-thread-allocator-block-size=16777216"
    "memorysetup-cache-allocator-block-size=4194304"
    "memorysetup-typetree-allocator-block-size=2097152"
    "memorysetup-profiler-bucket-allocator-granularity=16"
    "memorysetup-profiler-bucket-allocator-bucket-count=8"
    "memorysetup-profiler-bucket-allocator-block-size=33554432"
    "memorysetup-profiler-bucket-allocator-block-count=8"
    "memorysetup-profiler-allocator-block-size=16777216"
    "memorysetup-profiler-editor-allocator-block-size=1048576"
    "memorysetup-temp-allocator-size-main=16777216"
    "memorysetup-job-temp-allocator-block-size=2097152"
    "memorysetup-job-temp-allocator-block-size-background=1048576"
    "memorysetup-job-temp-allocator-reduction-small-platforms=262144"
    "memorysetup-allocator-temp-initial-block-size-main=262144"
    "memorysetup-allocator-temp-initial-block-size-worker=262144"
    "memorysetup-temp-allocator-size-background-worker=32768"
    "memorysetup-temp-allocator-size-job-worker=262144"
    "memorysetup-temp-allocator-size-preload-manager=33554432"
    "memorysetup-temp-allocator-size-nav-mesh-worker=65536"
    "memorysetup-temp-allocator-size-audio-worker=65536"
    "memorysetup-temp-allocator-size-cloud-worker=32768"
    "memorysetup-temp-allocator-size-gi-baking-worker=262144"
    "memorysetup-temp-allocator-size-gi-baking-worker=262144"
    "memorysetup-temp-allocator-size-gi-baking-worker=262144"
    "memorysetup-temp-allocator-size-gi-baking-worker=262144"
    "memorysetup-temp-allocator-size-gi-baking-worker=262144"
    "memorysetup-temp-allocator-size-gfx=262144"
Player connection [8328023168]  Target information:

Player connection [8328023168]  * "[IP] 192.168.1.134 [Port] 0 [Flags] 2 [Guid] 597694559 [EditorId] 597694559 [Version] 1048832 [Id] OSXEditor(0,Jeongs-MacBook-Pro.local) [Debug] 1 [PackageName] OSXEditor [ProjectName] Editor" 

Player connection [8328023168] Host joined multi-casting on [225.0.0.222:54997]...
Player connection [8328023168] Host joined alternative multi-casting on [225.0.0.222:34997]...
JobSystem: Creating JobQueue using job-worker-count value 5
[Physics::Module] Initialized fallback backend.
[Physics::Module] Id: 0xdecafbad
Library Redirect Path: Library/
[Physics::Module] Selected backend.
[Physics::Module] Name: PhysX
[Physics::Module] Id: 0xf2b8ea05
[Physics::Module] SDK Version: 4.1.2
[Physics::Module] Integration Version: 1.0.0
[Physics::Module] Threading Mode: Multi-Threaded
Refreshing native plugins compatible for Editor in 1.70 ms, found 3 plugins.
Preloading 0 native plugins for Editor in 0.00 ms.
Initialize engine version: 6000.0.31f1 (a206c360e2a8)
[Subsystems] Discovering subsystems at path /Applications/Unity/Hub/Editor/6000.0.31f1/Unity.app/Contents/Resources/UnitySubsystems
[Subsystems] Discovering subsystems at path /Users/jeonghoyong/Documents/GitHub/capstone-2025-30/Avatar/Assets
GfxDevice: creating device client; kGfxThreadingModeNonThreaded
 preferred device: Apple M3 Pro (high power)
Metal devices available: 1
0: Apple M3 Pro (high power)
Using device Apple M3 Pro (high power)
Initializing Metal device caps: Apple M3 Pro
Initialize mono
Mono path[0] = '/Applications/Unity/Hub/Editor/6000.0.31f1/Unity.app/Contents/Managed'
Mono path[1] = '/Applications/Unity/Hub/Editor/6000.0.31f1/Unity.app/Contents/MonoBleedingEdge/lib/mono/unityjit-macos'
Mono config path = '/Applications/Unity/Hub/Editor/6000.0.31f1/Unity.app/Contents/MonoBleedingEdge/etc'
Using monoOptions --debugger-agent=transport=dt_socket,embedding=1,server=y,suspend=n,address=127.0.0.1:56293
Begin MonoManager ReloadAssembly
Registering precompiled unity dll's ...
Register platform support module: /Applications/Unity/Hub/Editor/6000.0.31f1/PlaybackEngines/WebGLSupport/UnityEditor.WebGL.Extensions.dll
Register platform support module: /Applications/Unity/Hub/Editor/6000.0.31f1/Unity.app/Contents/PlaybackEngines/MacStandaloneSupport/UnityEditor.OSXStandalone.Extensions.dll
Register platform support module: /Applications/Unity/Hub/Editor/6000.0.31f1/PlaybackEngines/AndroidPlayer/UnityEditor.Android.Extensions.dll
Register platform support module: /Applications/Unity/Hub/Editor/6000.0.31f1/PlaybackEngines/iOSSupport/UnityEditor.iOS.Extensions.dll
Registered in 0.003880 seconds.
- Loaded All Assemblies, in  0.260 seconds
[usbmuxd] Start listen thread
[usbmuxd] Listen thread started
[usbmuxd] Send listen message
Native extension for iOS target not found
Native extension for Android target not found
Android Extension - Scanning For ADB Devices 52 ms
Native extension for OSXStandalone target not found
Native extension for WebGL target not found
Mono: successfully reloaded assembly
- Finished resetting the current domain, in  0.332 seconds
Domain Reload Profiling: 592ms
	BeginReloadAssembly (87ms)
		ExecutionOrderSort (0ms)
		DisableScriptedObjects (0ms)
		BackupInstance (0ms)
		ReleaseScriptingObjects (0ms)
		CreateAndSetChildDomain (0ms)
	RebuildCommonClasses (24ms)
	RebuildNativeTypeToScriptingClass (8ms)
	initialDomainReloadingComplete (29ms)
	LoadAllAssembliesAndSetupDomain (111ms)
		LoadAssemblies (88ms)
		RebuildTransferFunctionScriptingTraits (0ms)
		AnalyzeDomain (107ms)
			TypeCache.Refresh (106ms)
				TypeCache.ScanAssembly (96ms)
			BuildScriptInfoCaches (0ms)
			ResolveRequiredComponents (0ms)
	FinalizeReload (332ms)
		ReleaseScriptCaches (0ms)
		RebuildScriptCaches (0ms)
		SetupLoadedEditorAssemblies (300ms)
			LogAssemblyErrors (0ms)
			InitializePlatformSupportModulesInManaged (150ms)
			SetLoadedEditorAssemblies (3ms)
			BeforeProcessingInitializeOnLoad (33ms)
			ProcessInitializeOnLoadAttributes (74ms)
			ProcessInitializeOnLoadMethodAttributes (40ms)
			AfterProcessingInitializeOnLoad (0ms)
			EditorAssembliesLoaded (0ms)
		ExecutionOrderSort2 (0ms)
		AwakeInstancesAfterBackupRestoration (0ms)
========================================================================
Worker process is ready to serve import requests
Import Worker Mode flag is 0x00
Begin MonoManager ReloadAssembly
- Loaded All Assemblies, in  0.478 seconds
Refreshing native plugins compatible for Editor in 0.40 ms, found 3 plugins.
Native extension for iOS target not found
Native extension for Android target not found
Native extension for OSXStandalone target not found
Native extension for WebGL target not found
[MODES] ModeService[none].Initialize
[MODES] ModeService[none].LoadModes
[MODES] Loading mode Default (0) for mode-current-id-My project
Missing types referenced from component UniversalRenderPipelineGlobalSettings on game object UniversalRenderPipelineGlobalSettings:
	UnityEngine.Rendering.Universal.UniversalRenderPipelineEditorAssets, Unity.RenderPipelines.Universal.Runtime (1 object)
Mono: successfully reloaded assembly
- Finished resetting the current domain, in  0.562 seconds
Domain Reload Profiling: 1039ms
	BeginReloadAssembly (86ms)
		ExecutionOrderSort (0ms)
		DisableScriptedObjects (3ms)
		BackupInstance (0ms)
		ReleaseScriptingObjects (0ms)
		CreateAndSetChildDomain (25ms)
	RebuildCommonClasses (24ms)
	RebuildNativeTypeToScriptingClass (8ms)
	initialDomainReloadingComplete (22ms)
	LoadAllAssembliesAndSetupDomain (337ms)
		LoadAssemblies (197ms)
		RebuildTransferFunctionScriptingTraits (0ms)
		AnalyzeDomain (180ms)
			TypeCache.Refresh (138ms)
				TypeCache.ScanAssembly (124ms)
			BuildScriptInfoCaches (33ms)
			ResolveRequiredComponents (7ms)
	FinalizeReload (562ms)
		ReleaseScriptCaches (0ms)
		RebuildScriptCaches (0ms)
		SetupLoadedEditorAssemblies (463ms)
			LogAssemblyErrors (0ms)
			InitializePlatformSupportModulesInManaged (10ms)
			SetLoadedEditorAssemblies (3ms)
			BeforeProcessingInitializeOnLoad (67ms)
			ProcessInitializeOnLoadAttributes (319ms)
			ProcessInitializeOnLoadMethodAttributes (63ms)
			AfterProcessingInitializeOnLoad (0ms)
			EditorAssembliesLoaded (0ms)
		ExecutionOrderSort2 (0ms)
		AwakeInstancesAfterBackupRestoration (2ms)
Launching external process: /Applications/Unity/Hub/Editor/6000.0.31f1/Unity.app/Contents/Tools/UnityShaderCompiler
Launched and connected shader compiler UnityShaderCompiler after 0.03 seconds
Refreshing native plugins compatible for Editor in 0.46 ms, found 3 plugins.
Preloading 0 native plugins for Editor in 0.00 ms.
Unloading 203 Unused Serialized files (Serialized files now loaded: 0)
Unloading 6511 unused Assets / (3.5 MB). Loaded Objects now: 7206.
Memory consumption went from 173.1 MB to 169.6 MB.
Total: 5.890500 ms (FindLiveObjects: 0.553500 ms CreateObjectMapping: 0.158292 ms MarkObjects: 4.006917 ms  DeleteObjects: 1.171417 ms)

========================================================================
Received Import Request.
  Time since last request: 341796.697526 seconds.
  path: Assets/Samples/MediaPipe Unity Plugin/0.16.1/Official Solutions/Scenes/Object Detection/Object Detection Config Window.prefab
  artifactKey: Guid(f8e13ca9036ae790aa97029999dd7750) Importer(815301076,1909f56bfc062723c751e8b465ee728b)
Start importing Assets/Samples/MediaPipe Unity Plugin/0.16.1/Official Solutions/Scenes/Object Detection/Object Detection Config Window.prefab using Guid(f8e13ca9036ae790aa97029999dd7750) Importer(815301076,1909f56bfc062723c751e8b465ee728b) (PreviewImporter) -> (artifact id: '7b27b3fc35029c28b264a60f9b55c620') in 0.026428541 seconds
Number of updated asset objects reloaded before import = 0Number of asset objects unloaded after import = 348

========================================================================
Received Import Request.
  Time since last request: 225.376394 seconds.
  path: Assets/Samples/MediaPipe Unity Plugin/0.16.1/Official Solutions/Scenes/Legacy/Holistic/Avatar/Unity_Textures/Nina_Hair_Material.mat
  artifactKey: Guid(0a193ca1b65ab499690c594b85db3efc) Importer(815301076,1909f56bfc062723c751e8b465ee728b)
Start importing Assets/Samples/MediaPipe Unity Plugin/0.16.1/Official Solutions/Scenes/Legacy/Holistic/Avatar/Unity_Textures/Nina_Hair_Material.mat using Guid(0a193ca1b65ab499690c594b85db3efc) Importer(815301076,1909f56bfc062723c751e8b465ee728b) (PreviewImporter) -> (artifact id: 'e95d59c36d93f9dc10018f996b0e1c49') in 0.304166833 seconds
Number of updated asset objects reloaded before import = 0Number of asset objects unloaded after import = 1

========================================================================
Received Import Request.
  Time since last request: 31.318588 seconds.
  path: Assets/Samples/MediaPipe Unity Plugin/0.16.1/Official Solutions/Scenes/Legacy/Holistic/Avatar/Unity_Textures/Nina_Iris_Material.mat
  artifactKey: Guid(0b9ddfa19f8904d11a8358642a3d61a0) Importer(815301076,1909f56bfc062723c751e8b465ee728b)
Start importing Assets/Samples/MediaPipe Unity Plugin/0.16.1/Official Solutions/Scenes/Legacy/Holistic/Avatar/Unity_Textures/Nina_Iris_Material.mat using Guid(0b9ddfa19f8904d11a8358642a3d61a0) Importer(815301076,1909f56bfc062723c751e8b465ee728b) (PreviewImporter) -> (artifact id: '73a89e5bf74e5da67b636f0c3551b131') in 0.024496625 seconds
Number of updated asset objects reloaded before import = 0Number of asset objects unloaded after import = 1

========================================================================
Received Import Request.
  Time since last request: 45.965833 seconds.
  path: Assets/Samples/MediaPipe Unity Plugin/0.16.1/Official Solutions/Scenes/Legacy/Holistic/Avatar/Unity_Textures/Nina_Pants_Material.mat
  artifactKey: Guid(858f5bb07c0e74b6c9e3cd3857a818e8) Importer(815301076,1909f56bfc062723c751e8b465ee728b)
Start importing Assets/Samples/MediaPipe Unity Plugin/0.16.1/Official Solutions/Scenes/Legacy/Holistic/Avatar/Unity_Textures/Nina_Pants_Material.mat using Guid(858f5bb07c0e74b6c9e3cd3857a818e8) Importer(815301076,1909f56bfc062723c751e8b465ee728b) (PreviewImporter) -> (artifact id: '833d22bdabfbf72969f97951ecdd1d10') in 0.010114584 seconds
Number of updated asset objects reloaded before import = 0Number of asset objects unloaded after import = 1

========================================================================
Received Import Request.
  Time since last request: 144.548818 seconds.
  path: Assets/Samples/MediaPipe Unity Plugin/0.16.1/Official Solutions/Scenes/Legacy/Holistic/Avatar/Unity_Textures/Nina_Pants_Material.mat
  artifactKey: Guid(858f5bb07c0e74b6c9e3cd3857a818e8) Importer(815301076,1909f56bfc062723c751e8b465ee728b)
Start importing Assets/Samples/MediaPipe Unity Plugin/0.16.1/Official Solutions/Scenes/Legacy/Holistic/Avatar/Unity_Textures/Nina_Pants_Material.mat using Guid(858f5bb07c0e74b6c9e3cd3857a818e8) Importer(815301076,1909f56bfc062723c751e8b465ee728b) (PreviewImporter) -> (artifact id: '079d76d69f0c8dd28369b0641f36cae3') in 0.012483958 seconds
Number of updated asset objects reloaded before import = 0Number of asset objects unloaded after import = 2

========================================================================
Received Import Request.
  Time since last request: 0.000033 seconds.
  path: Assets/Samples/MediaPipe Unity Plugin/0.16.1/Official Solutions/Scenes/Legacy/Holistic/Avatar/Unity_Textures/Nina_Shoes_Material.mat
  artifactKey: Guid(220b68d44d9154636ae81773d46574b7) Importer(815301076,1909f56bfc062723c751e8b465ee728b)
Start importing Assets/Samples/MediaPipe Unity Plugin/0.16.1/Official Solutions/Scenes/Legacy/Holistic/Avatar/Unity_Textures/Nina_Shoes_Material.mat using Guid(220b68d44d9154636ae81773d46574b7) Importer(815301076,1909f56bfc062723c751e8b465ee728b) (PreviewImporter) -> (artifact id: '5327ff80ec5c09b80d5fe34b9cf580d8') in 0.004857583 seconds
Number of updated asset objects reloaded before import = 0Number of asset objects unloaded after import = 1

========================================================================
Received Import Request.
  Time since last request: 45.431435 seconds.
  path: Assets/Samples/MediaPipe Unity Plugin/0.16.1/Official Solutions/Scenes/Legacy/Holistic/Avatar/Unity_Textures/Nina_Shoes_Material.mat
  artifactKey: Guid(220b68d44d9154636ae81773d46574b7) Importer(815301076,1909f56bfc062723c751e8b465ee728b)
Start importing Assets/Samples/MediaPipe Unity Plugin/0.16.1/Official Solutions/Scenes/Legacy/Holistic/Avatar/Unity_Textures/Nina_Shoes_Material.mat using Guid(220b68d44d9154636ae81773d46574b7) Importer(815301076,1909f56bfc062723c751e8b465ee728b) (PreviewImporter) -> (artifact id: 'c07fb07ed859b543883be3e9fb615dd4') in 0.009855917 seconds
Number of updated asset objects reloaded before import = 0Number of asset objects unloaded after import = 2

