Unity Editor version:    6000.0.31f1 (a206c360e2a8)
Branch:                  6000.0/staging
Build type:              Release
Batch mode:              YES
macOS version:           Version 15.4.1 (Build 24E263)
Darwin version:          24.4.0
Architecture:            arm64
Running under Rosetta:   NO
Available memory:        18432 MB
Using pre-set license
Pro License: YES

COMMAND LINE ARGUMENTS:
/Applications/Unity/Hub/Editor/6000.0.31f1/Unity.app/Contents/MacOS/Unity
-adb2
-batchMode
-noUpm
-name
AssetImportWorker0
-projectPath
/Users/jeonghoyong/Documents/GitHub/capstone-2025-30/Avatar
-logFile
Logs/AssetImportWorker0.log
-srvPort
52173
-job-worker-count
5
-background-job-worker-count
8
-gc-helper-count
1
Successfully changed project path to: /Users/jeonghoyong/Documents/GitHub/capstone-2025-30/Avatar
/Users/jeonghoyong/Documents/GitHub/capstone-2025-30/Avatar
[UnityMemory] Configuration Parameters - Can be set up in boot.config
    "memorysetup-bucket-allocator-granularity=16"
    "memorysetup-bucket-allocator-bucket-count=8"
    "memorysetup-bucket-allocator-block-size=33554432"
    "memorysetup-bucket-allocator-block-count=8"
    "memorysetup-main-allocator-block-size=16777216"
    "memorysetup-thread-allocator-block-size=16777216"
    "memorysetup-gfx-main-allocator-block-size=16777216"
    "memorysetup-gfx-thread-allocator-block-size=16777216"
    "memorysetup-cache-allocator-block-size=4194304"
    "memorysetup-typetree-allocator-block-size=2097152"
    "memorysetup-profiler-bucket-allocator-granularity=16"
    "memorysetup-profiler-bucket-allocator-bucket-count=8"
    "memorysetup-profiler-bucket-allocator-block-size=33554432"
    "memorysetup-profiler-bucket-allocator-block-count=8"
    "memorysetup-profiler-allocator-block-size=16777216"
    "memorysetup-profiler-editor-allocator-block-size=1048576"
    "memorysetup-temp-allocator-size-main=16777216"
    "memorysetup-job-temp-allocator-block-size=2097152"
    "memorysetup-job-temp-allocator-block-size-background=1048576"
    "memorysetup-job-temp-allocator-reduction-small-platforms=262144"
    "memorysetup-allocator-temp-initial-block-size-main=262144"
    "memorysetup-allocator-temp-initial-block-size-worker=262144"
    "memorysetup-temp-allocator-size-background-worker=32768"
    "memorysetup-temp-allocator-size-job-worker=262144"
    "memorysetup-temp-allocator-size-preload-manager=33554432"
    "memorysetup-temp-allocator-size-nav-mesh-worker=65536"
    "memorysetup-temp-allocator-size-audio-worker=65536"
    "memorysetup-temp-allocator-size-cloud-worker=32768"
    "memorysetup-temp-allocator-size-gi-baking-worker=262144"
    "memorysetup-temp-allocator-size-gi-baking-worker=262144"
    "memorysetup-temp-allocator-size-gi-baking-worker=262144"
    "memorysetup-temp-allocator-size-gi-baking-worker=262144"
    "memorysetup-temp-allocator-size-gi-baking-worker=262144"
    "memorysetup-temp-allocator-size-gfx=262144"
Player connection [8328023168]  Target information:

Player connection [8328023168]  * "[IP] 192.168.1.134 [Port] 0 [Flags] 2 [Guid] 2750603657 [EditorId] 2750603657 [Version] 1048832 [Id] OSXEditor(0,Jeongs-MacBook-Pro.local) [Debug] 1 [PackageName] OSXEditor [ProjectName] Editor" 

Player connection [8328023168] Host joined multi-casting on [225.0.0.222:54997]...
Player connection [8328023168] Host joined alternative multi-casting on [225.0.0.222:34997]...
JobSystem: Creating JobQueue using job-worker-count value 5
[Physics::Module] Initialized fallback backend.
[Physics::Module] Id: 0xdecafbad
Library Redirect Path: Library/
[Physics::Module] Selected backend.
[Physics::Module] Name: PhysX
[Physics::Module] Id: 0xf2b8ea05
[Physics::Module] SDK Version: 4.1.2
[Physics::Module] Integration Version: 1.0.0
[Physics::Module] Threading Mode: Multi-Threaded
Refreshing native plugins compatible for Editor in 1.75 ms, found 3 plugins.
Preloading 0 native plugins for Editor in 0.00 ms.
Initialize engine version: 6000.0.31f1 (a206c360e2a8)
[Subsystems] Discovering subsystems at path /Applications/Unity/Hub/Editor/6000.0.31f1/Unity.app/Contents/Resources/UnitySubsystems
[Subsystems] Discovering subsystems at path /Users/jeonghoyong/Documents/GitHub/capstone-2025-30/Avatar/Assets
GfxDevice: creating device client; kGfxThreadingModeNonThreaded
 preferred device: Apple M3 Pro (high power)
Metal devices available: 1
0: Apple M3 Pro (high power)
Using device Apple M3 Pro (high power)
Initializing Metal device caps: Apple M3 Pro
Initialize mono
Mono path[0] = '/Applications/Unity/Hub/Editor/6000.0.31f1/Unity.app/Contents/Managed'
Mono path[1] = '/Applications/Unity/Hub/Editor/6000.0.31f1/Unity.app/Contents/MonoBleedingEdge/lib/mono/unityjit-macos'
Mono config path = '/Applications/Unity/Hub/Editor/6000.0.31f1/Unity.app/Contents/MonoBleedingEdge/etc'
Using monoOptions --debugger-agent=transport=dt_socket,embedding=1,server=y,suspend=n,address=127.0.0.1:56291
Begin MonoManager ReloadAssembly
Registering precompiled unity dll's ...
Register platform support module: /Applications/Unity/Hub/Editor/6000.0.31f1/PlaybackEngines/WebGLSupport/UnityEditor.WebGL.Extensions.dll
Register platform support module: /Applications/Unity/Hub/Editor/6000.0.31f1/Unity.app/Contents/PlaybackEngines/MacStandaloneSupport/UnityEditor.OSXStandalone.Extensions.dll
Register platform support module: /Applications/Unity/Hub/Editor/6000.0.31f1/PlaybackEngines/AndroidPlayer/UnityEditor.Android.Extensions.dll
Register platform support module: /Applications/Unity/Hub/Editor/6000.0.31f1/PlaybackEngines/iOSSupport/UnityEditor.iOS.Extensions.dll
Registered in 0.004080 seconds.
- Loaded All Assemblies, in  0.259 seconds
[usbmuxd] Start listen thread
[usbmuxd] Listen thread started
[usbmuxd] Send listen message
Native extension for iOS target not found
Native extension for Android target not found
Android Extension - Scanning For ADB Devices 56 ms
Native extension for OSXStandalone target not found
Native extension for WebGL target not found
Mono: successfully reloaded assembly
- Finished resetting the current domain, in  0.327 seconds
Domain Reload Profiling: 586ms
	BeginReloadAssembly (86ms)
		ExecutionOrderSort (0ms)
		DisableScriptedObjects (0ms)
		BackupInstance (0ms)
		ReleaseScriptingObjects (0ms)
		CreateAndSetChildDomain (0ms)
	RebuildCommonClasses (24ms)
	RebuildNativeTypeToScriptingClass (9ms)
	initialDomainReloadingComplete (29ms)
	LoadAllAssembliesAndSetupDomain (110ms)
		LoadAssemblies (88ms)
		RebuildTransferFunctionScriptingTraits (0ms)
		AnalyzeDomain (107ms)
			TypeCache.Refresh (106ms)
				TypeCache.ScanAssembly (96ms)
			BuildScriptInfoCaches (0ms)
			ResolveRequiredComponents (0ms)
	FinalizeReload (327ms)
		ReleaseScriptCaches (0ms)
		RebuildScriptCaches (0ms)
		SetupLoadedEditorAssemblies (296ms)
			LogAssemblyErrors (0ms)
			InitializePlatformSupportModulesInManaged (147ms)
			SetLoadedEditorAssemblies (3ms)
			BeforeProcessingInitializeOnLoad (32ms)
			ProcessInitializeOnLoadAttributes (74ms)
			ProcessInitializeOnLoadMethodAttributes (41ms)
			AfterProcessingInitializeOnLoad (0ms)
			EditorAssembliesLoaded (0ms)
		ExecutionOrderSort2 (0ms)
		AwakeInstancesAfterBackupRestoration (0ms)
========================================================================
Worker process is ready to serve import requests
Import Worker Mode flag is 0x00
Begin MonoManager ReloadAssembly
- Loaded All Assemblies, in  0.487 seconds
Refreshing native plugins compatible for Editor in 0.39 ms, found 3 plugins.
Native extension for iOS target not found
Native extension for Android target not found
Native extension for OSXStandalone target not found
Native extension for WebGL target not found
[MODES] ModeService[none].Initialize
[MODES] ModeService[none].LoadModes
[MODES] Loading mode Default (0) for mode-current-id-My project
Missing types referenced from component UniversalRenderPipelineGlobalSettings on game object UniversalRenderPipelineGlobalSettings:
	UnityEngine.Rendering.Universal.UniversalRenderPipelineEditorAssets, Unity.RenderPipelines.Universal.Runtime (1 object)
Mono: successfully reloaded assembly
- Finished resetting the current domain, in  0.566 seconds
Domain Reload Profiling: 1054ms
	BeginReloadAssembly (77ms)
		ExecutionOrderSort (0ms)
		DisableScriptedObjects (3ms)
		BackupInstance (0ms)
		ReleaseScriptingObjects (0ms)
		CreateAndSetChildDomain (25ms)
	RebuildCommonClasses (24ms)
	RebuildNativeTypeToScriptingClass (9ms)
	initialDomainReloadingComplete (20ms)
	LoadAllAssembliesAndSetupDomain (357ms)
		LoadAssemblies (211ms)
		RebuildTransferFunctionScriptingTraits (0ms)
		AnalyzeDomain (178ms)
			TypeCache.Refresh (137ms)
				TypeCache.ScanAssembly (123ms)
			BuildScriptInfoCaches (33ms)
			ResolveRequiredComponents (7ms)
	FinalizeReload (567ms)
		ReleaseScriptCaches (0ms)
		RebuildScriptCaches (0ms)
		SetupLoadedEditorAssemblies (463ms)
			LogAssemblyErrors (0ms)
			InitializePlatformSupportModulesInManaged (11ms)
			SetLoadedEditorAssemblies (3ms)
			BeforeProcessingInitializeOnLoad (62ms)
			ProcessInitializeOnLoadAttributes (317ms)
			ProcessInitializeOnLoadMethodAttributes (69ms)
			AfterProcessingInitializeOnLoad (1ms)
			EditorAssembliesLoaded (0ms)
		ExecutionOrderSort2 (0ms)
		AwakeInstancesAfterBackupRestoration (2ms)
Launching external process: /Applications/Unity/Hub/Editor/6000.0.31f1/Unity.app/Contents/Tools/UnityShaderCompiler
Launched and connected shader compiler UnityShaderCompiler after 0.03 seconds
Refreshing native plugins compatible for Editor in 0.48 ms, found 3 plugins.
Preloading 0 native plugins for Editor in 0.00 ms.
Unloading 203 Unused Serialized files (Serialized files now loaded: 0)
Unloading 6511 unused Assets / (3.3 MB). Loaded Objects now: 7206.
Memory consumption went from 173.3 MB to 170.0 MB.
Total: 5.847916 ms (FindLiveObjects: 0.545042 ms CreateObjectMapping: 0.159041 ms MarkObjects: 4.013834 ms  DeleteObjects: 1.129458 ms)

========================================================================
Received Import Request.
  Time since last request: 341796.697451 seconds.
  path: Assets/Samples/MediaPipe Unity Plugin/0.16.1/Official Solutions/Scenes/Legacy/MediaPipe Video/MediaPipe Video Config Window.prefab
  artifactKey: Guid(09e2e81854f3f746e816e1db55d28fa2) Importer(815301076,1909f56bfc062723c751e8b465ee728b)
Start importing Assets/Samples/MediaPipe Unity Plugin/0.16.1/Official Solutions/Scenes/Legacy/MediaPipe Video/MediaPipe Video Config Window.prefab using Guid(09e2e81854f3f746e816e1db55d28fa2) Importer(815301076,1909f56bfc062723c751e8b465ee728b) (PreviewImporter) -> (artifact id: 'fad31980b0335ced39fc4807657d6383') in 0.027409125 seconds
Number of updated asset objects reloaded before import = 0Number of asset objects unloaded after import = 146

========================================================================
Received Import Request.
  Time since last request: 131.759965 seconds.
  path: Assets/Samples/MediaPipe Unity Plugin/0.16.1/Official Solutions/Scenes/Legacy/Holistic/Avatar/New Material.mat
  artifactKey: Guid(d659c2a7f6cdc498da7a2985fb0ec5a2) Importer(815301076,1909f56bfc062723c751e8b465ee728b)
Start importing Assets/Samples/MediaPipe Unity Plugin/0.16.1/Official Solutions/Scenes/Legacy/Holistic/Avatar/New Material.mat using Guid(d659c2a7f6cdc498da7a2985fb0ec5a2) Importer(815301076,1909f56bfc062723c751e8b465ee728b) (PreviewImporter) -> (artifact id: 'a1d43b2444f3aca4c6b6140a4032fa7b') in 0.249886125 seconds
Number of updated asset objects reloaded before import = 0Number of asset objects unloaded after import = 1

========================================================================
Received Import Request.
  Time since last request: 20.067652 seconds.
  path: Assets/Samples/MediaPipe Unity Plugin/0.16.1/Official Solutions/Scenes/Legacy/Holistic/Avatar/Unity_Textures/Nina_Body_Material.mat
  artifactKey: Guid(d659c2a7f6cdc498da7a2985fb0ec5a2) Importer(815301076,1909f56bfc062723c751e8b465ee728b)
Start importing Assets/Samples/MediaPipe Unity Plugin/0.16.1/Official Solutions/Scenes/Legacy/Holistic/Avatar/Unity_Textures/Nina_Body_Material.mat using Guid(d659c2a7f6cdc498da7a2985fb0ec5a2) Importer(815301076,1909f56bfc062723c751e8b465ee728b) (PreviewImporter) -> (artifact id: '806d7615a686275cd76f5cacb6c1b1ab') in 0.0107465 seconds
Number of updated asset objects reloaded before import = 0Number of asset objects unloaded after import = 1

========================================================================
Received Import Request.
  Time since last request: 73.208677 seconds.
  path: Assets/Samples/MediaPipe Unity Plugin/0.16.1/Official Solutions/Scenes/Legacy/Holistic/Avatar/Unity_Textures/Nina_Body_Material.mat
  artifactKey: Guid(d659c2a7f6cdc498da7a2985fb0ec5a2) Importer(815301076,1909f56bfc062723c751e8b465ee728b)
Start importing Assets/Samples/MediaPipe Unity Plugin/0.16.1/Official Solutions/Scenes/Legacy/Holistic/Avatar/Unity_Textures/Nina_Body_Material.mat using Guid(d659c2a7f6cdc498da7a2985fb0ec5a2) Importer(815301076,1909f56bfc062723c751e8b465ee728b) (PreviewImporter) -> (artifact id: 'e1dc0e55f412e2fafb5f4cace71a7343') in 0.027503625 seconds
Number of updated asset objects reloaded before import = 0Number of asset objects unloaded after import = 2

========================================================================
Received Import Request.
  Time since last request: 31.560469 seconds.
  path: Assets/Samples/MediaPipe Unity Plugin/0.16.1/Official Solutions/Scenes/Legacy/Holistic/Avatar/Unity_Textures/Nina_Hair_Material.mat
  artifactKey: Guid(0a193ca1b65ab499690c594b85db3efc) Importer(815301076,1909f56bfc062723c751e8b465ee728b)
Start importing Assets/Samples/MediaPipe Unity Plugin/0.16.1/Official Solutions/Scenes/Legacy/Holistic/Avatar/Unity_Textures/Nina_Hair_Material.mat using Guid(0a193ca1b65ab499690c594b85db3efc) Importer(815301076,1909f56bfc062723c751e8b465ee728b) (PreviewImporter) -> (artifact id: 'f25d08c8ab7a528248ccdb82b2c65227') in 0.040846042 seconds
Number of updated asset objects reloaded before import = 0Number of asset objects unloaded after import = 2

========================================================================
Received Import Request.
  Time since last request: 45.965657 seconds.
  path: Assets/Samples/MediaPipe Unity Plugin/0.16.1/Official Solutions/Scenes/Legacy/Holistic/Avatar/Unity_Textures/Nina_Iris_Material.mat
  artifactKey: Guid(0b9ddfa19f8904d11a8358642a3d61a0) Importer(815301076,1909f56bfc062723c751e8b465ee728b)
Start importing Assets/Samples/MediaPipe Unity Plugin/0.16.1/Official Solutions/Scenes/Legacy/Holistic/Avatar/Unity_Textures/Nina_Iris_Material.mat using Guid(0b9ddfa19f8904d11a8358642a3d61a0) Importer(815301076,1909f56bfc062723c751e8b465ee728b) (PreviewImporter) -> (artifact id: 'e9bbc99d8211396cc856f4c6a1ff72bb') in 0.00969425 seconds
Number of updated asset objects reloaded before import = 0Number of asset objects unloaded after import = 2

========================================================================
Received Import Request.
  Time since last request: 144.548044 seconds.
  path: Assets/Samples/MediaPipe Unity Plugin/0.16.1/Official Solutions/Scenes/Legacy/Holistic/Avatar/Unity_Textures/Nina_Iris_Material.mat
  artifactKey: Guid(0b9ddfa19f8904d11a8358642a3d61a0) Importer(815301076,1909f56bfc062723c751e8b465ee728b)
Start importing Assets/Samples/MediaPipe Unity Plugin/0.16.1/Official Solutions/Scenes/Legacy/Holistic/Avatar/Unity_Textures/Nina_Iris_Material.mat using Guid(0b9ddfa19f8904d11a8358642a3d61a0) Importer(815301076,1909f56bfc062723c751e8b465ee728b) (PreviewImporter) -> (artifact id: '0d1def74333d3199da6cd4af5579a8c9') in 2.476092416 seconds
Number of updated asset objects reloaded before import = 0Number of asset objects unloaded after import = 2

========================================================================
Received Import Request.
  Time since last request: 43.004184 seconds.
  path: Assets/Samples/MediaPipe Unity Plugin/0.16.1/Official Solutions/Scenes/Legacy/Holistic/Avatar/Unity_Textures/Nina_Eyes.mat
  artifactKey: Guid(01663eab97a764541a2b223c47ce0a95) Importer(815301076,1909f56bfc062723c751e8b465ee728b)
Start importing Assets/Samples/MediaPipe Unity Plugin/0.16.1/Official Solutions/Scenes/Legacy/Holistic/Avatar/Unity_Textures/Nina_Eyes.mat using Guid(01663eab97a764541a2b223c47ce0a95) Importer(815301076,1909f56bfc062723c751e8b465ee728b) (PreviewImporter) -> (artifact id: 'e555061babb539cedea9e8176badf765') in 0.008899 seconds
Number of updated asset objects reloaded before import = 0Number of asset objects unloaded after import = 1

========================================================================
Received Import Request.
  Time since last request: 65.770601 seconds.
  path: Assets/Samples/MediaPipe Unity Plugin/0.16.1/Official Solutions/Materials/UV Grid.mat
  artifactKey: Guid(a79c31a495f5d77d08ce9fbc53f8ca2d) Importer(815301076,1909f56bfc062723c751e8b465ee728b)
Start importing Assets/Samples/MediaPipe Unity Plugin/0.16.1/Official Solutions/Materials/UV Grid.mat using Guid(a79c31a495f5d77d08ce9fbc53f8ca2d) Importer(815301076,1909f56bfc062723c751e8b465ee728b) (PreviewImporter) -> (artifact id: '95744a970620d0d86081ee8a2578564d') in 0.0106885 seconds
Number of updated asset objects reloaded before import = 0Number of asset objects unloaded after import = 2

